<?xml version="1.0" encoding="UTF-8"?>
<!-- Generated by org.testng.reporters.JUnitReportReporter -->
<testsuite skipped="0" hostname="mohammed" name="dd_tests.profileTest" tests="1" failures="0" timestamp="19 Sep 2018 21:58:11 GMT" time="7.541" errors="0">
  <testcase name="gotoProfile" time="7.541" classname="dd_tests.profileTest"/>
</testsuite> <!-- dd_tests.profileTest -->
