<?xml version="1.0" encoding="UTF-8"?>
<!-- Generated by org.testng.reporters.JUnitReportReporter -->
<testsuite skipped="0" hostname="mohammed" name="dd_tests.LoginTest" tests="1" failures="0" timestamp="19 Sep 2018 21:58:11 GMT" time="9.633" errors="0">
  <testcase name="doLogin" time="9.633" classname="dd_tests.LoginTest"/>
</testsuite> <!-- dd_tests.LoginTest -->
